# JRE version: OpenJDK Runtime Environment Temurin-17.0.3+7 (17.0.3+7) (build 17.0.3+7)
# Java VM: OpenJDK 64-Bit Server VM Temurin-17.0.3+7 (17.0.3+7, mixed mode, tiered, compressed oops, compressed class ptrs, parallel gc, windows-amd64)
GC Precious Log:
 CPUs: 8 total, 8 available
 Memory: 16254M
 Large Page Support: Disabled
 NUMA Support: Disabled
 Compressed Oops: Enabled (32-bit)
 Alignments: Space 512K, Generation 512K, Heap 2M
 Heap Min Capacity: 100M
 Heap Initial Capacity: 100M
 Heap Max Capacity: 1G
 Pre-touch: Disabled
 Parallel Workers: 8
Heap:
 PSYoungGen      total 4096K, used 1713K [0x00000000eab00000, 0x00000000eb100000, 0x0000000100000000)
  eden space 3072K, 27% used [0x00000000eab00000,0x00000000eabd6988,0x00000000eae00000)
  from space 1024K, 83% used [0x00000000eb000000,0x00000000eb0d5dd0,0x00000000eb100000)
  to   space 1536K, 0% used [0x00000000eae00000,0x00000000eae00000,0x00000000eaf80000)
 ParOldGen       total 68608K, used 62204K [0x00000000c0000000, 0x00000000c4300000, 0x00000000eab00000)
  object space 68608K, 90% used [0x00000000c0000000,0x00000000c3cbf1e0,0x00000000c4300000)
 Metaspace       used 64636K, committed 65408K, reserved 1114112K
  class space    used 6426K, committed 6784K, reserved 1048576K
GC Heap History (20 events):
Event: 2851.074 GC heap before
{Heap before GC invocations=149 (full 5):
 PSYoungGen      total 6144K, used 5856K [0x00000000eab00000, 0x00000000eb280000, 0x0000000100000000)
  eden space 5632K, 100% used [0x00000000eab00000,0x00000000eb080000,0x00000000eb080000)
  from space 512K, 43% used [0x00000000eb100000,0x00000000eb138000,0x00000000eb180000)
  to   space 512K, 0% used [0x00000000eb200000,0x00000000eb200000,0x00000000eb280000)
 ParOldGen       total 68608K, used 54206K [0x00000000c0000000, 0x00000000c4300000, 0x00000000eab00000)
  object space 68608K, 79% used [0x00000000c0000000,0x00000000c34ef900,0x00000000c4300000)
 Metaspace       used 64095K, committed 64896K, reserved 1114112K
  class space    used 6426K, committed 6784K, reserved 1048576K
}
Event: 2851.076 GC heap after
{Heap after GC invocations=149 (full 5):
 PSYoungGen      total 6144K, used 512K [0x00000000eab00000, 0x00000000eb280000, 0x0000000100000000)
  eden space 5632K, 0% used [0x00000000eab00000,0x00000000eab00000,0x00000000eb080000)
  from space 512K, 100% used [0x00000000eb200000,0x00000000eb280000,0x00000000eb280000)
  to   space 1024K, 0% used [0x00000000eb080000,0x00000000eb080000,0x00000000eb180000)
 ParOldGen       total 68608K, used 54410K [0x00000000c0000000, 0x00000000c4300000, 0x00000000eab00000)
  object space 68608K, 79% used [0x00000000c0000000,0x00000000c3522b20,0x00000000c4300000)
 Metaspace       used 64095K, committed 64896K, reserved 1114112K
  class space    used 6426K, committed 6784K, reserved 1048576K
}
Event: 2851.170 GC heap before
{Heap before GC invocations=150 (full 5):
 PSYoungGen      total 6144K, used 6143K [0x00000000eab00000, 0x00000000eb280000, 0x0000000100000000)
  eden space 5632K, 99% used [0x00000000eab00000,0x00000000eb07ffe8,0x00000000eb080000)
  from space 512K, 100% used [0x00000000eb200000,0x00000000eb280000,0x00000000eb280000)
  to   space 1024K, 0% used [0x00000000eb080000,0x00000000eb080000,0x00000000eb180000)
 ParOldGen       total 68608K, used 54410K [0x00000000c0000000, 0x00000000c4300000, 0x00000000eab00000)
  object space 68608K, 79% used [0x00000000c0000000,0x00000000c3522b20,0x00000000c4300000)
 Metaspace       used 64131K, committed 64896K, reserved 1114112K
  class space    used 6426K, committed 6784K, reserved 1048576K
}
Event: 2851.173 GC heap after
{Heap after GC invocations=150 (full 5):
 PSYoungGen      total 6656K, used 478K [0x00000000eab00000, 0x00000000eb280000, 0x0000000100000000)
  eden space 5632K, 0% used [0x00000000eab00000,0x00000000eab00000,0x00000000eb080000)
  from space 1024K, 46% used [0x00000000eb080000,0x00000000eb0f7920,0x00000000eb180000)
  to   space 1024K, 0% used [0x00000000eb180000,0x00000000eb180000,0x00000000eb280000)
 ParOldGen       total 68608K, used 54958K [0x00000000c0000000, 0x00000000c4300000, 0x00000000eab00000)
  object space 68608K, 80% used [0x00000000c0000000,0x00000000c35abb30,0x00000000c4300000)
 Metaspace       used 64131K, committed 64896K, reserved 1114112K
  class space    used 6426K, committed 6784K, reserved 1048576K
}
Event: 2851.296 GC heap before
{Heap before GC invocations=151 (full 5):
 PSYoungGen      total 6656K, used 6110K [0x00000000eab00000, 0x00000000eb280000, 0x0000000100000000)
  eden space 5632K, 99% used [0x00000000eab00000,0x00000000eb07ffc0,0x00000000eb080000)
  from space 1024K, 46% used [0x00000000eb080000,0x00000000eb0f7920,0x00000000eb180000)
  to   space 1024K, 0% used [0x00000000eb180000,0x00000000eb180000,0x00000000eb280000)
 ParOldGen       total 68608K, used 54958K [0x00000000c0000000, 0x00000000c4300000, 0x00000000eab00000)
  object space 68608K, 80% used [0x00000000c0000000,0x00000000c35abb30,0x00000000c4300000)
 Metaspace       used 64297K, committed 65088K, reserved 1114112K
  class space    used 6426K, committed 6784K, reserved 1048576K
}
Event: 2851.307 GC heap after
{Heap after GC invocations=151 (full 5):
 PSYoungGen      total 4096K, used 1016K [0x00000000eab00000, 0x00000000eb780000, 0x0000000100000000)
  eden space 3072K, 0% used [0x00000000eab00000,0x00000000eab00000,0x00000000eae00000)
  from space 1024K, 99% used [0x00000000eb180000,0x00000000eb27e230,0x00000000eb280000)
  to   space 3584K, 0% used [0x00000000eae00000,0x00000000eae00000,0x00000000eb180000)
 ParOldGen       total 68608K, used 56770K [0x00000000c0000000, 0x00000000c4300000, 0x00000000eab00000)
  object space 68608K, 82% used [0x00000000c0000000,0x00000000c3770910,0x00000000c4300000)
 Metaspace       used 64297K, committed 65088K, reserved 1114112K
  class space    used 6426K, committed 6784K, reserved 1048576K
}
Event: 2851.364 GC heap before
{Heap before GC invocations=152 (full 5):
 PSYoungGen      total 4096K, used 4088K [0x00000000eab00000, 0x00000000eb780000, 0x0000000100000000)
  eden space 3072K, 100% used [0x00000000eab00000,0x00000000eae00000,0x00000000eae00000)
  from space 1024K, 99% used [0x00000000eb180000,0x00000000eb27e230,0x00000000eb280000)
  to   space 3584K, 0% used [0x00000000eae00000,0x00000000eae00000,0x00000000eb180000)
 ParOldGen       total 68608K, used 56770K [0x00000000c0000000, 0x00000000c4300000, 0x00000000eab00000)
  object space 68608K, 82% used [0x00000000c0000000,0x00000000c3770910,0x00000000c4300000)
 Metaspace       used 64347K, committed 65152K, reserved 1114112K
  class space    used 6426K, committed 6784K, reserved 1048576K
}
Event: 2851.368 GC heap after
{Heap after GC invocations=152 (full 5):
 PSYoungGen      total 3584K, used 494K [0x00000000eab00000, 0x00000000eb200000, 0x0000000100000000)
  eden space 3072K, 0% used [0x00000000eab00000,0x00000000eab00000,0x00000000eae00000)
  from space 512K, 96% used [0x00000000eae00000,0x00000000eae7b910,0x00000000eae80000)
  to   space 1536K, 0% used [0x00000000eb080000,0x00000000eb080000,0x00000000eb200000)
 ParOldGen       total 68608K, used 57234K [0x00000000c0000000, 0x00000000c4300000, 0x00000000eab00000)
  object space 68608K, 83% used [0x00000000c0000000,0x00000000c37e4920,0x00000000c4300000)
 Metaspace       used 64347K, committed 65152K, reserved 1114112K
  class space    used 6426K, committed 6784K, reserved 1048576K
}
Event: 2851.442 GC heap before
{Heap before GC invocations=153 (full 5):
 PSYoungGen      total 3584K, used 3566K [0x00000000eab00000, 0x00000000eb200000, 0x0000000100000000)
  eden space 3072K, 100% used [0x00000000eab00000,0x00000000eae00000,0x00000000eae00000)
  from space 512K, 96% used [0x00000000eae00000,0x00000000eae7b910,0x00000000eae80000)
  to   space 1536K, 0% used [0x00000000eb080000,0x00000000eb080000,0x00000000eb200000)
 ParOldGen       total 68608K, used 57234K [0x00000000c0000000, 0x00000000c4300000, 0x00000000eab00000)
  object space 68608K, 83% used [0x00000000c0000000,0x00000000c37e4920,0x00000000c4300000)
 Metaspace       used 64438K, committed 65216K, reserved 1114112K
  class space    used 6426K, committed 6784K, reserved 1048576K
}
Event: 2851.443 GC heap after
{Heap after GC invocations=153 (full 5):
 PSYoungGen      total 3584K, used 128K [0x00000000eab00000, 0x00000000eb100000, 0x0000000100000000)
  eden space 3072K, 0% used [0x00000000eab00000,0x00000000eab00000,0x00000000eae00000)
  from space 512K, 25% used [0x00000000eb080000,0x00000000eb0a0000,0x00000000eb100000)
  to   space 512K, 0% used [0x00000000eae00000,0x00000000eae00000,0x00000000eae80000)
 ParOldGen       total 68608K, used 57266K [0x00000000c0000000, 0x00000000c4300000, 0x00000000eab00000)
  object space 68608K, 83% used [0x00000000c0000000,0x00000000c37ec920,0x00000000c4300000)
 Metaspace       used 64438K, committed 65216K, reserved 1114112K
  class space    used 6426K, committed 6784K, reserved 1048576K
}
Event: 2851.482 GC heap before
{Heap before GC invocations=154 (full 5):
 PSYoungGen      total 3584K, used 3200K [0x00000000eab00000, 0x00000000eb100000, 0x0000000100000000)
  eden space 3072K, 100% used [0x00000000eab00000,0x00000000eae00000,0x00000000eae00000)
  from space 512K, 25% used [0x00000000eb080000,0x00000000eb0a0000,0x00000000eb100000)
  to   space 512K, 0% used [0x00000000eae00000,0x00000000eae00000,0x00000000eae80000)
 ParOldGen       total 68608K, used 57266K [0x00000000c0000000, 0x00000000c4300000, 0x00000000eab00000)
  object space 68608K, 83% used [0x00000000c0000000,0x00000000c37ec920,0x00000000c4300000)
 Metaspace       used 64438K, committed 65216K, reserved 1114112K
  class space    used 6426K, committed 6784K, reserved 1048576K
}
Event: 2851.485 GC heap after
{Heap after GC invocations=154 (full 5):
 PSYoungGen      total 3584K, used 512K [0x00000000eab00000, 0x00000000eb100000, 0x0000000100000000)
  eden space 3072K, 0% used [0x00000000eab00000,0x00000000eab00000,0x00000000eae00000)
  from space 512K, 100% used [0x00000000eae00000,0x00000000eae80000,0x00000000eae80000)
  to   space 1536K, 0% used [0x00000000eaf80000,0x00000000eaf80000,0x00000000eb100000)
 ParOldGen       total 68608K, used 57691K [0x00000000c0000000, 0x00000000c4300000, 0x00000000eab00000)
  object space 68608K, 84% used [0x00000000c0000000,0x00000000c3856d60,0x00000000c4300000)
 Metaspace       used 64438K, committed 65216K, reserved 1114112K
  class space    used 6426K, committed 6784K, reserved 1048576K
}
Event: 2854.421 GC heap before
{Heap before GC invocations=155 (full 5):
 PSYoungGen      total 3584K, used 3584K [0x00000000eab00000, 0x00000000eb100000, 0x0000000100000000)
  eden space 3072K, 100% used [0x00000000eab00000,0x00000000eae00000,0x00000000eae00000)
  from space 512K, 100% used [0x00000000eae00000,0x00000000eae80000,0x00000000eae80000)
  to   space 1536K, 0% used [0x00000000eaf80000,0x00000000eaf80000,0x00000000eb100000)
 ParOldGen       total 68608K, used 57691K [0x00000000c0000000, 0x00000000c4300000, 0x00000000eab00000)
  object space 68608K, 84% used [0x00000000c0000000,0x00000000c3856d60,0x00000000c4300000)
 Metaspace       used 64448K, committed 65216K, reserved 1114112K
  class space    used 6426K, committed 6784K, reserved 1048576K
}
Event: 2854.424 GC heap after
{Heap after GC invocations=155 (full 5):
 PSYoungGen      total 3584K, used 320K [0x00000000eab00000, 0x00000000eb000000, 0x0000000100000000)
  eden space 3072K, 0% used [0x00000000eab00000,0x00000000eab00000,0x00000000eae00000)
  from space 512K, 62% used [0x00000000eaf80000,0x00000000eafd0000,0x00000000eb000000)
  to   space 1024K, 0% used [0x00000000eae00000,0x00000000eae00000,0x00000000eaf00000)
 ParOldGen       total 68608K, used 58235K [0x00000000c0000000, 0x00000000c4300000, 0x00000000eab00000)
  object space 68608K, 84% used [0x00000000c0000000,0x00000000c38ded60,0x00000000c4300000)
 Metaspace       used 64448K, committed 65216K, reserved 1114112K
  class space    used 6426K, committed 6784K, reserved 1048576K
}
Event: 3499.755 GC heap before
{Heap before GC invocations=156 (full 5):
 PSYoungGen      total 3584K, used 3392K [0x00000000eab00000, 0x00000000eb000000, 0x0000000100000000)
  eden space 3072K, 100% used [0x00000000eab00000,0x00000000eae00000,0x00000000eae00000)
  from space 512K, 62% used [0x00000000eaf80000,0x00000000eafd0000,0x00000000eb000000)
  to   space 1024K, 0% used [0x00000000eae00000,0x00000000eae00000,0x00000000eaf00000)
 ParOldGen       total 68608K, used 58235K [0x00000000c0000000, 0x00000000c4300000, 0x00000000eab00000)
  object space 68608K, 84% used [0x00000000c0000000,0x00000000c38ded60,0x00000000c4300000)
 Metaspace       used 64451K, committed 65216K, reserved 1114112K
  class space    used 6426K, committed 6784K, reserved 1048576K
}
Event: 3499.763 GC heap after
{Heap after GC invocations=156 (full 5):
 PSYoungGen      total 4096K, used 1008K [0x00000000eab00000, 0x00000000eb200000, 0x0000000100000000)
  eden space 3072K, 0% used [0x00000000eab00000,0x00000000eab00000,0x00000000eae00000)
  from space 1024K, 98% used [0x00000000eae00000,0x00000000eaefc250,0x00000000eaf00000)
  to   space 2048K, 0% used [0x00000000eb000000,0x00000000eb000000,0x00000000eb200000)
 ParOldGen       total 68608K, used 58611K [0x00000000c0000000, 0x00000000c4300000, 0x00000000eab00000)
  object space 68608K, 85% used [0x00000000c0000000,0x00000000c393cd60,0x00000000c4300000)
 Metaspace       used 64451K, committed 65216K, reserved 1114112K
  class space    used 6426K, committed 6784K, reserved 1048576K
}
Event: 3500.009 GC heap before
{Heap before GC invocations=157 (full 5):
 PSYoungGen      total 4096K, used 4080K [0x00000000eab00000, 0x00000000eb200000, 0x0000000100000000)
  eden space 3072K, 100% used [0x00000000eab00000,0x00000000eae00000,0x00000000eae00000)
  from space 1024K, 98% used [0x00000000eae00000,0x00000000eaefc250,0x00000000eaf00000)
  to   space 2048K, 0% used [0x00000000eb000000,0x00000000eb000000,0x00000000eb200000)
 ParOldGen       total 68608K, used 58611K [0x00000000c0000000, 0x00000000c4300000, 0x00000000eab00000)
  object space 68608K, 85% used [0x00000000c0000000,0x00000000c393cd60,0x00000000c4300000)
 Metaspace       used 64531K, committed 65280K, reserved 1114112K
  class space    used 6426K, committed 6784K, reserved 1048576K
}
Event: 3500.015 GC heap after
{Heap after GC invocations=157 (full 5):
 PSYoungGen      total 4608K, used 1262K [0x00000000eab00000, 0x00000000eb180000, 0x0000000100000000)
  eden space 3072K, 0% used [0x00000000eab00000,0x00000000eab00000,0x00000000eae00000)
  from space 1536K, 82% used [0x00000000eb000000,0x00000000eb13bba0,0x00000000eb180000)
  to   space 1536K, 0% used [0x00000000eae80000,0x00000000eae80000,0x00000000eb000000)
 ParOldGen       total 68608K, used 59672K [0x00000000c0000000, 0x00000000c4300000, 0x00000000eab00000)
  object space 68608K, 86% used [0x00000000c0000000,0x00000000c3a463f8,0x00000000c4300000)
 Metaspace       used 64531K, committed 65280K, reserved 1114112K
  class space    used 6426K, committed 6784K, reserved 1048576K
}
Event: 3500.137 GC heap before
{Heap before GC invocations=158 (full 5):
 PSYoungGen      total 4608K, used 4334K [0x00000000eab00000, 0x00000000eb180000, 0x0000000100000000)
  eden space 3072K, 100% used [0x00000000eab00000,0x00000000eae00000,0x00000000eae00000)
  from space 1536K, 82% used [0x00000000eb000000,0x00000000eb13bba0,0x00000000eb180000)
  to   space 1536K, 0% used [0x00000000eae80000,0x00000000eae80000,0x00000000eb000000)
 ParOldGen       total 68608K, used 59672K [0x00000000c0000000, 0x00000000c4300000, 0x00000000eab00000)
  object space 68608K, 86% used [0x00000000c0000000,0x00000000c3a463f8,0x00000000c4300000)
 Metaspace       used 64584K, committed 65344K, reserved 1114112K
  class space    used 6426K, committed 6784K, reserved 1048576K
}
Event: 3500.142 GC heap after
{Heap after GC invocations=158 (full 5):
 PSYoungGen      total 4608K, used 1504K [0x00000000eab00000, 0x00000000eb200000, 0x0000000100000000)
  eden space 3072K, 0% used [0x00000000eab00000,0x00000000eab00000,0x00000000eae00000)
  from space 1536K, 97% used [0x00000000eae80000,0x00000000eaff8010,0x00000000eb000000)
  to   space 2048K, 0% used [0x00000000eb000000,0x00000000eb000000,0x00000000eb200000)
 ParOldGen       total 68608K, used 60787K [0x00000000c0000000, 0x00000000c4300000, 0x00000000eab00000)
  object space 68608K, 88% used [0x00000000c0000000,0x00000000c3b5cfa8,0x00000000c4300000)
 Metaspace       used 64584K, committed 65344K, reserved 1114112K
  class space    used 6426K, committed 6784K, reserved 1048576K
}

