# JRE version: OpenJDK Runtime Environment Temurin-17.0.3+7 (17.0.3+7) (build 17.0.3+7)
# Java VM: OpenJDK 64-Bit Server VM Temurin-17.0.3+7 (17.0.3+7, mixed mode, tiered, compressed oops, compressed class ptrs, parallel gc, windows-amd64)
GC Precious Log:
 CPUs: 8 total, 8 available
 Memory: 16254M
 Large Page Support: Disabled
 NUMA Support: Disabled
 Compressed Oops: Enabled (32-bit)
 Alignments: Space 512K, Generation 512K, Heap 2M
 Heap Min Capacity: 100M
 Heap Initial Capacity: 100M
 Heap Max Capacity: 1G
 Pre-touch: Disabled
 Parallel Workers: 8
Heap:
 PSYoungGen      total 14848K, used 6055K [0x00000000eab00000, 0x00000000ebc80000, 0x0000000100000000)
  eden space 12288K, 28% used [0x00000000eab00000,0x00000000eae73d30,0x00000000eb700000)
  from space 2560K, 98% used [0x00000000eba00000,0x00000000ebc761e8,0x00000000ebc80000)
  to   space 2560K, 0% used [0x00000000eb780000,0x00000000eb780000,0x00000000eba00000)
 ParOldGen       total 68608K, used 58220K [0x00000000c0000000, 0x00000000c4300000, 0x00000000eab00000)
  object space 68608K, 84% used [0x00000000c0000000,0x00000000c38db248,0x00000000c4300000)
 Metaspace       used 53866K, committed 54592K, reserved 1097728K
  class space    used 5588K, committed 5888K, reserved 1048576K
GC Heap History (20 events):
Event: 12.838 GC heap before
{Heap before GC invocations=25 (full 2):
 PSYoungGen      total 20480K, used 18992K [0x00000000eab00000, 0x00000000ec080000, 0x0000000100000000)
  eden space 19456K, 93% used [0x00000000eab00000,0x00000000ebcceb58,0x00000000ebe00000)
  from space 1024K, 74% used [0x00000000ebf80000,0x00000000ec03d7f8,0x00000000ec080000)
  to   space 1024K, 0% used [0x00000000ebe80000,0x00000000ebe80000,0x00000000ebf80000)
 ParOldGen       total 68608K, used 41692K [0x00000000c0000000, 0x00000000c4300000, 0x00000000eab00000)
  object space 68608K, 60% used [0x00000000c0000000,0x00000000c28b7330,0x00000000c4300000)
 Metaspace       used 53391K, committed 54144K, reserved 1097728K
  class space    used 5565K, committed 5888K, reserved 1048576K
}
Event: 12.840 GC heap after
{Heap after GC invocations=25 (full 2):
 PSYoungGen      total 20480K, used 750K [0x00000000eab00000, 0x00000000ec000000, 0x0000000100000000)
  eden space 19456K, 0% used [0x00000000eab00000,0x00000000eab00000,0x00000000ebe00000)
  from space 1024K, 73% used [0x00000000ebe80000,0x00000000ebf3bac0,0x00000000ebf80000)
  to   space 512K, 0% used [0x00000000ebf80000,0x00000000ebf80000,0x00000000ec000000)
 ParOldGen       total 68608K, used 42196K [0x00000000c0000000, 0x00000000c4300000, 0x00000000eab00000)
  object space 68608K, 61% used [0x00000000c0000000,0x00000000c2935330,0x00000000c4300000)
 Metaspace       used 53391K, committed 54144K, reserved 1097728K
  class space    used 5565K, committed 5888K, reserved 1048576K
}
Event: 12.880 GC heap before
{Heap before GC invocations=26 (full 2):
 PSYoungGen      total 20480K, used 19146K [0x00000000eab00000, 0x00000000ec000000, 0x0000000100000000)
  eden space 19456K, 94% used [0x00000000eab00000,0x00000000ebcf6ef0,0x00000000ebe00000)
  from space 1024K, 73% used [0x00000000ebe80000,0x00000000ebf3bac0,0x00000000ebf80000)
  to   space 512K, 0% used [0x00000000ebf80000,0x00000000ebf80000,0x00000000ec000000)
 ParOldGen       total 68608K, used 42196K [0x00000000c0000000, 0x00000000c4300000, 0x00000000eab00000)
  object space 68608K, 61% used [0x00000000c0000000,0x00000000c2935330,0x00000000c4300000)
 Metaspace       used 53418K, committed 54208K, reserved 1097728K
  class space    used 5565K, committed 5888K, reserved 1048576K
}
Event: 12.883 GC heap after
{Heap after GC invocations=26 (full 2):
 PSYoungGen      total 12800K, used 501K [0x00000000eab00000, 0x00000000ecf00000, 0x0000000100000000)
  eden space 12288K, 0% used [0x00000000eab00000,0x00000000eab00000,0x00000000eb700000)
  from space 512K, 97% used [0x00000000ebf80000,0x00000000ebffd5d0,0x00000000ec000000)
  to   space 8704K, 0% used [0x00000000eb700000,0x00000000eb700000,0x00000000ebf80000)
 ParOldGen       total 68608K, used 48822K [0x00000000c0000000, 0x00000000c4300000, 0x00000000eab00000)
  object space 68608K, 71% used [0x00000000c0000000,0x00000000c2fad9d8,0x00000000c4300000)
 Metaspace       used 53418K, committed 54208K, reserved 1097728K
  class space    used 5565K, committed 5888K, reserved 1048576K
}
Event: 12.900 GC heap before
{Heap before GC invocations=27 (full 2):
 PSYoungGen      total 12800K, used 11902K [0x00000000eab00000, 0x00000000ecf00000, 0x0000000100000000)
  eden space 12288K, 92% used [0x00000000eab00000,0x00000000eb6224c8,0x00000000eb700000)
  from space 512K, 97% used [0x00000000ebf80000,0x00000000ebffd5d0,0x00000000ec000000)
  to   space 8704K, 0% used [0x00000000eb700000,0x00000000eb700000,0x00000000ebf80000)
 ParOldGen       total 68608K, used 48822K [0x00000000c0000000, 0x00000000c4300000, 0x00000000eab00000)
  object space 68608K, 71% used [0x00000000c0000000,0x00000000c2fad9d8,0x00000000c4300000)
 Metaspace       used 53423K, committed 54208K, reserved 1097728K
  class space    used 5565K, committed 5888K, reserved 1048576K
}
Event: 12.901 GC heap after
{Heap after GC invocations=27 (full 2):
 PSYoungGen      total 18944K, used 6404K [0x00000000eab00000, 0x00000000ec400000, 0x0000000100000000)
  eden space 12288K, 0% used [0x00000000eab00000,0x00000000eab00000,0x00000000eb700000)
  from space 6656K, 96% used [0x00000000eb700000,0x00000000ebd411c8,0x00000000ebd80000)
  to   space 6656K, 0% used [0x00000000ebd80000,0x00000000ebd80000,0x00000000ec400000)
 ParOldGen       total 68608K, used 49199K [0x00000000c0000000, 0x00000000c4300000, 0x00000000eab00000)
  object space 68608K, 71% used [0x00000000c0000000,0x00000000c300bdd8,0x00000000c4300000)
 Metaspace       used 53423K, committed 54208K, reserved 1097728K
  class space    used 5565K, committed 5888K, reserved 1048576K
}
Event: 12.911 GC heap before
{Heap before GC invocations=28 (full 2):
 PSYoungGen      total 18944K, used 17515K [0x00000000eab00000, 0x00000000ec400000, 0x0000000100000000)
  eden space 12288K, 90% used [0x00000000eab00000,0x00000000eb5d9d68,0x00000000eb700000)
  from space 6656K, 96% used [0x00000000eb700000,0x00000000ebd411c8,0x00000000ebd80000)
  to   space 6656K, 0% used [0x00000000ebd80000,0x00000000ebd80000,0x00000000ec400000)
 ParOldGen       total 68608K, used 49199K [0x00000000c0000000, 0x00000000c4300000, 0x00000000eab00000)
  object space 68608K, 71% used [0x00000000c0000000,0x00000000c300bdd8,0x00000000c4300000)
 Metaspace       used 53426K, committed 54208K, reserved 1097728K
  class space    used 5565K, committed 5888K, reserved 1048576K
}
Event: 12.913 GC heap after
{Heap after GC invocations=28 (full 2):
 PSYoungGen      total 18944K, used 6372K [0x00000000eab00000, 0x00000000ec400000, 0x0000000100000000)
  eden space 12288K, 0% used [0x00000000eab00000,0x00000000eab00000,0x00000000eb700000)
  from space 6656K, 95% used [0x00000000ebd80000,0x00000000ec3b91c8,0x00000000ec400000)
  to   space 6656K, 0% used [0x00000000eb700000,0x00000000eb700000,0x00000000ebd80000)
 ParOldGen       total 68608K, used 51201K [0x00000000c0000000, 0x00000000c4300000, 0x00000000eab00000)
  object space 68608K, 74% used [0x00000000c0000000,0x00000000c32006f0,0x00000000c4300000)
 Metaspace       used 53426K, committed 54208K, reserved 1097728K
  class space    used 5565K, committed 5888K, reserved 1048576K
}
Event: 12.975 GC heap before
{Heap before GC invocations=29 (full 2):
 PSYoungGen      total 18944K, used 18296K [0x00000000eab00000, 0x00000000ec400000, 0x0000000100000000)
  eden space 12288K, 97% used [0x00000000eab00000,0x00000000eb6a4ea0,0x00000000eb700000)
  from space 6656K, 95% used [0x00000000ebd80000,0x00000000ec3b91c8,0x00000000ec400000)
  to   space 6656K, 0% used [0x00000000eb700000,0x00000000eb700000,0x00000000ebd80000)
 ParOldGen       total 68608K, used 51201K [0x00000000c0000000, 0x00000000c4300000, 0x00000000eab00000)
  object space 68608K, 74% used [0x00000000c0000000,0x00000000c32006f0,0x00000000c4300000)
 Metaspace       used 53437K, committed 54208K, reserved 1097728K
  class space    used 5565K, committed 5888K, reserved 1048576K
}
Event: 12.977 GC heap after
{Heap after GC invocations=29 (full 2):
 PSYoungGen      total 15360K, used 2597K [0x00000000eab00000, 0x00000000ebf00000, 0x0000000100000000)
  eden space 12288K, 0% used [0x00000000eab00000,0x00000000eab00000,0x00000000eb700000)
  from space 3072K, 84% used [0x00000000eb700000,0x00000000eb989468,0x00000000eba00000)
  to   space 4096K, 0% used [0x00000000ebb00000,0x00000000ebb00000,0x00000000ebf00000)
 ParOldGen       total 68608K, used 51281K [0x00000000c0000000, 0x00000000c4300000, 0x00000000eab00000)
  object space 68608K, 74% used [0x00000000c0000000,0x00000000c32146f0,0x00000000c4300000)
 Metaspace       used 53437K, committed 54208K, reserved 1097728K
  class space    used 5565K, committed 5888K, reserved 1048576K
}
Event: 13.005 GC heap before
{Heap before GC invocations=30 (full 2):
 PSYoungGen      total 15360K, used 14602K [0x00000000eab00000, 0x00000000ebf00000, 0x0000000100000000)
  eden space 12288K, 97% used [0x00000000eab00000,0x00000000eb6b93b0,0x00000000eb700000)
  from space 3072K, 84% used [0x00000000eb700000,0x00000000eb989468,0x00000000eba00000)
  to   space 4096K, 0% used [0x00000000ebb00000,0x00000000ebb00000,0x00000000ebf00000)
 ParOldGen       total 68608K, used 51281K [0x00000000c0000000, 0x00000000c4300000, 0x00000000eab00000)
  object space 68608K, 74% used [0x00000000c0000000,0x00000000c32146f0,0x00000000c4300000)
 Metaspace       used 53488K, committed 54272K, reserved 1097728K
  class space    used 5565K, committed 5888K, reserved 1048576K
}
Event: 13.007 GC heap after
{Heap after GC invocations=30 (full 2):
 PSYoungGen      total 13312K, used 800K [0x00000000eab00000, 0x00000000ebc00000, 0x0000000100000000)
  eden space 12288K, 0% used [0x00000000eab00000,0x00000000eab00000,0x00000000eb700000)
  from space 1024K, 78% used [0x00000000ebb00000,0x00000000ebbc8000,0x00000000ebc00000)
  to   space 2048K, 0% used [0x00000000eb800000,0x00000000eb800000,0x00000000eba00000)
 ParOldGen       total 68608K, used 51569K [0x00000000c0000000, 0x00000000c4300000, 0x00000000eab00000)
  object space 68608K, 75% used [0x00000000c0000000,0x00000000c325c6f0,0x00000000c4300000)
 Metaspace       used 53488K, committed 54272K, reserved 1097728K
  class space    used 5565K, committed 5888K, reserved 1048576K
}
Event: 13.057 GC heap before
{Heap before GC invocations=31 (full 2):
 PSYoungGen      total 13312K, used 11884K [0x00000000eab00000, 0x00000000ebc00000, 0x0000000100000000)
  eden space 12288K, 90% used [0x00000000eab00000,0x00000000eb5d3270,0x00000000eb700000)
  from space 1024K, 78% used [0x00000000ebb00000,0x00000000ebbc8000,0x00000000ebc00000)
  to   space 2048K, 0% used [0x00000000eb800000,0x00000000eb800000,0x00000000eba00000)
 ParOldGen       total 68608K, used 51569K [0x00000000c0000000, 0x00000000c4300000, 0x00000000eab00000)
  object space 68608K, 75% used [0x00000000c0000000,0x00000000c325c6f0,0x00000000c4300000)
 Metaspace       used 53488K, committed 54272K, reserved 1097728K
  class space    used 5565K, committed 5888K, reserved 1048576K
}
Event: 13.059 GC heap after
{Heap after GC invocations=31 (full 2):
 PSYoungGen      total 14336K, used 2018K [0x00000000eab00000, 0x00000000ebd00000, 0x0000000100000000)
  eden space 12288K, 0% used [0x00000000eab00000,0x00000000eab00000,0x00000000eb700000)
  from space 2048K, 98% used [0x00000000eb800000,0x00000000eb9f8918,0x00000000eba00000)
  to   space 3072K, 0% used [0x00000000eba00000,0x00000000eba00000,0x00000000ebd00000)
 ParOldGen       total 68608K, used 52237K [0x00000000c0000000, 0x00000000c4300000, 0x00000000eab00000)
  object space 68608K, 76% used [0x00000000c0000000,0x00000000c3303700,0x00000000c4300000)
 Metaspace       used 53488K, committed 54272K, reserved 1097728K
  class space    used 5565K, committed 5888K, reserved 1048576K
}
Event: 13.091 GC heap before
{Heap before GC invocations=32 (full 2):
 PSYoungGen      total 14336K, used 13259K [0x00000000eab00000, 0x00000000ebd00000, 0x0000000100000000)
  eden space 12288K, 91% used [0x00000000eab00000,0x00000000eb5fa300,0x00000000eb700000)
  from space 2048K, 98% used [0x00000000eb800000,0x00000000eb9f8918,0x00000000eba00000)
  to   space 3072K, 0% used [0x00000000eba00000,0x00000000eba00000,0x00000000ebd00000)
 ParOldGen       total 68608K, used 52237K [0x00000000c0000000, 0x00000000c4300000, 0x00000000eab00000)
  object space 68608K, 76% used [0x00000000c0000000,0x00000000c3303700,0x00000000c4300000)
 Metaspace       used 53503K, committed 54272K, reserved 1097728K
  class space    used 5565K, committed 5888K, reserved 1048576K
}
Event: 13.093 GC heap after
{Heap after GC invocations=32 (full 2):
 PSYoungGen      total 14848K, used 2385K [0x00000000eab00000, 0x00000000ebc80000, 0x0000000100000000)
  eden space 12288K, 0% used [0x00000000eab00000,0x00000000eab00000,0x00000000eb700000)
  from space 2560K, 93% used [0x00000000eba00000,0x00000000ebc54458,0x00000000ebc80000)
  to   space 2560K, 0% used [0x00000000eb780000,0x00000000eb780000,0x00000000eba00000)
 ParOldGen       total 68608K, used 54168K [0x00000000c0000000, 0x00000000c4300000, 0x00000000eab00000)
  object space 68608K, 78% used [0x00000000c0000000,0x00000000c34e6018,0x00000000c4300000)
 Metaspace       used 53503K, committed 54272K, reserved 1097728K
  class space    used 5565K, committed 5888K, reserved 1048576K
}
Event: 13.124 GC heap before
{Heap before GC invocations=33 (full 2):
 PSYoungGen      total 14848K, used 14673K [0x00000000eab00000, 0x00000000ebc80000, 0x0000000100000000)
  eden space 12288K, 100% used [0x00000000eab00000,0x00000000eb700000,0x00000000eb700000)
  from space 2560K, 93% used [0x00000000eba00000,0x00000000ebc54458,0x00000000ebc80000)
  to   space 2560K, 0% used [0x00000000eb780000,0x00000000eb780000,0x00000000eba00000)
 ParOldGen       total 68608K, used 54168K [0x00000000c0000000, 0x00000000c4300000, 0x00000000eab00000)
  object space 68608K, 78% used [0x00000000c0000000,0x00000000c34e6018,0x00000000c4300000)
 Metaspace       used 53524K, committed 54272K, reserved 1097728K
  class space    used 5565K, committed 5888K, reserved 1048576K
}
Event: 13.127 GC heap after
{Heap after GC invocations=33 (full 2):
 PSYoungGen      total 14848K, used 2545K [0x00000000eab00000, 0x00000000ebd00000, 0x0000000100000000)
  eden space 12288K, 0% used [0x00000000eab00000,0x00000000eab00000,0x00000000eb700000)
  from space 2560K, 99% used [0x00000000eb780000,0x00000000eb9fc458,0x00000000eba00000)
  to   space 3072K, 0% used [0x00000000eba00000,0x00000000eba00000,0x00000000ebd00000)
 ParOldGen       total 68608K, used 54240K [0x00000000c0000000, 0x00000000c4300000, 0x00000000eab00000)
  object space 68608K, 79% used [0x00000000c0000000,0x00000000c34f8018,0x00000000c4300000)
 Metaspace       used 53524K, committed 54272K, reserved 1097728K
  class space    used 5565K, committed 5888K, reserved 1048576K
}
Event: 13.147 GC heap before
{Heap before GC invocations=34 (full 2):
 PSYoungGen      total 14848K, used 14063K [0x00000000eab00000, 0x00000000ebd00000, 0x0000000100000000)
  eden space 12288K, 93% used [0x00000000eab00000,0x00000000eb63faf0,0x00000000eb700000)
  from space 2560K, 99% used [0x00000000eb780000,0x00000000eb9fc458,0x00000000eba00000)
  to   space 3072K, 0% used [0x00000000eba00000,0x00000000eba00000,0x00000000ebd00000)
 ParOldGen       total 68608K, used 54240K [0x00000000c0000000, 0x00000000c4300000, 0x00000000eab00000)
  object space 68608K, 79% used [0x00000000c0000000,0x00000000c34f8018,0x00000000c4300000)
 Metaspace       used 53537K, committed 54272K, reserved 1097728K
  class space    used 5565K, committed 5888K, reserved 1048576K
}
Event: 13.151 GC heap after
{Heap after GC invocations=34 (full 2):
 PSYoungGen      total 14848K, used 2520K [0x00000000eab00000, 0x00000000ebc80000, 0x0000000100000000)
  eden space 12288K, 0% used [0x00000000eab00000,0x00000000eab00000,0x00000000eb700000)
  from space 2560K, 98% used [0x00000000eba00000,0x00000000ebc761e8,0x00000000ebc80000)
  to   space 2560K, 0% used [0x00000000eb780000,0x00000000eb780000,0x00000000eba00000)
 ParOldGen       total 68608K, used 58220K [0x00000000c0000000, 0x00000000c4300000, 0x00000000eab00000)
  object space 68608K, 84% used [0x00000000c0000000,0x00000000c38db248,0x00000000c4300000)
 Metaspace       used 53537K, committed 54272K, reserved 1097728K
  class space    used 5565K, committed 5888K, reserved 1048576K
}

